<?xml version="1.0" encoding="UTF-8"?>
<testng-results ignored="0" total="1" passed="1" failed="0" skipped="0">
  <reporter-output>
  </reporter-output>
  <suite started-at="2022-09-26T13:15:45 IST" name="Suite" finished-at="2022-09-26T13:16:01 IST" duration-ms="16519">
    <groups>
    </groups>
    <test started-at="2022-09-26T13:15:45 IST" name="Test" finished-at="2022-09-26T13:16:01 IST" duration-ms="16519">
      <class name="UI_Automation.RegisterNewUserTest">
        <test-method is-config="true" signature="openBrowser(java.lang.String)[pri:0, instance:UI_Automation.RegisterNewUserTest@49049a04]" started-at="2022-09-26T13:15:42 IST" name="openBrowser" finished-at="2022-09-26T13:15:45 IST" duration-ms="3092" status="PASS">
          <params>
            <param index="0">
              <value>
                <![CDATA[Chrome]]>
              </value>
            </param>
          </params>
          <reporter-output>
          </reporter-output>
        </test-method> <!-- openBrowser -->
        <test-method signature="loginTest(java.lang.String)[pri:0, instance:UI_Automation.RegisterNewUserTest@49049a04]" started-at="2022-09-26T13:15:45 IST" name="loginTest" finished-at="2022-09-26T13:16:01 IST" duration-ms="16464" status="PASS">
          <params>
            <param index="0">
              <value>
                <![CDATA[https://automationteststore.com/]]>
              </value>
            </param>
          </params>
          <reporter-output>
          </reporter-output>
        </test-method> <!-- loginTest -->
        <test-method is-config="true" signature="closeBrowser()[pri:0, instance:UI_Automation.RegisterNewUserTest@49049a04]" started-at="2022-09-26T13:16:01 IST" name="closeBrowser" finished-at="2022-09-26T13:16:01 IST" duration-ms="0" status="PASS">
          <reporter-output>
          </reporter-output>
        </test-method> <!-- closeBrowser -->
      </class> <!-- UI_Automation.RegisterNewUserTest -->
    </test> <!-- Test -->
  </suite> <!-- Suite -->
</testng-results>
